2024-11-24 11:53:44,880 DEBUG Hippodrome: Создание Hippodrome, лошадей [50]
2024-11-24 11:53:44,962 DEBUG Horse: Создание Horse, имя [A], скорость [2.1]
2024-11-24 11:53:44,962 DEBUG Horse: Создание Horse, имя [B], скорость [2.2]
2024-11-24 11:53:44,962 DEBUG Horse: Создание Horse, имя [C], скорость [2.3]
2024-11-24 11:53:44,962 DEBUG Horse: Создание Horse, имя [D], скорость [2.4]
2024-11-24 11:53:44,962 DEBUG Horse: Создание Horse, имя [E], скорость [2.5]
2024-11-24 11:53:44,962 DEBUG Horse: Создание Horse, имя [F], скорость [2.6]
2024-11-24 11:53:44,962 DEBUG Horse: Создание Horse, имя [G], скорость [2.7]
2024-11-24 11:53:44,962 DEBUG Horse: Создание Horse, имя [H], скорость [2.8]
2024-11-24 11:53:44,962 DEBUG Horse: Создание Horse, имя [I], скорость [2.9]
2024-11-24 11:53:44,963 DEBUG Horse: Создание Horse, имя [J], скорость [3.0]
2024-11-24 11:53:44,963 DEBUG Horse: Создание Horse, имя [U], скорость [4.1]
2024-11-24 11:53:44,963 DEBUG Horse: Создание Horse, имя [V], скорость [4.2]
2024-11-24 11:53:44,963 DEBUG Horse: Создание Horse, имя [W], скорость [4.3]
2024-11-24 11:53:44,963 DEBUG Horse: Создание Horse, имя [X], скорость [4.4]
2024-11-24 11:53:44,963 DEBUG Horse: Создание Horse, имя [Y], скорость [4.5]
2024-11-24 11:53:44,963 DEBUG Horse: Создание Horse, имя [Z], скорость [4.6]
2024-11-24 11:53:44,963 DEBUG Horse: Создание Horse, имя [a], скорость [4.7]
2024-11-24 11:53:44,963 DEBUG Horse: Создание Horse, имя [b], скорость [4.8]
2024-11-24 11:53:44,963 DEBUG Horse: Создание Horse, имя [c], скорость [4.9]
2024-11-24 11:53:44,963 DEBUG Horse: Создание Horse, имя [d], скорость [5.0]
2024-11-24 11:53:44,963 DEBUG Horse: Создание Horse, имя [e], скорость [4.1]
2024-11-24 11:53:44,963 DEBUG Horse: Создание Horse, имя [f], скорость [4.2]
2024-11-24 11:53:44,963 DEBUG Horse: Создание Horse, имя [g], скорость [4.3]
2024-11-24 11:53:44,963 DEBUG Horse: Создание Horse, имя [h], скорость [4.4]
2024-11-24 11:53:44,963 DEBUG Horse: Создание Horse, имя [i], скорость [4.5]
2024-11-24 11:53:44,963 DEBUG Horse: Создание Horse, имя [j], скорость [4.6]
2024-11-24 11:53:44,963 DEBUG Horse: Создание Horse, имя [k], скорость [4.7]
2024-11-24 11:53:44,963 DEBUG Horse: Создание Horse, имя [l], скорость [4.8]
2024-11-24 11:53:44,963 DEBUG Horse: Создание Horse, имя [m], скорость [4.9]
2024-11-24 11:53:44,964 DEBUG Horse: Создание Horse, имя [n], скорость [5.0]
2024-11-24 11:53:44,964 DEBUG Hippodrome: Создание Hippodrome, лошадей [30]
2024-11-24 11:53:44,972 ERROR Hippodrome: Horses list is empty
2024-11-24 11:53:44,974 DEBUG Horse: Создание Horse, имя [K], скорость [3.1]
2024-11-24 11:53:44,974 DEBUG Horse: Создание Horse, имя [L], скорость [3.2]
2024-11-24 11:53:44,974 DEBUG Horse: Создание Horse, имя [M], скорость [3.3]
2024-11-24 11:53:44,974 DEBUG Horse: Создание Horse, имя [N], скорость [3.4]
2024-11-24 11:53:44,974 DEBUG Horse: Создание Horse, имя [O], скорость [3.5]
2024-11-24 11:53:44,974 DEBUG Horse: Создание Horse, имя [P], скорость [3.6]
2024-11-24 11:53:44,974 DEBUG Horse: Создание Horse, имя [Q], скорость [3.7]
2024-11-24 11:53:44,974 DEBUG Horse: Создание Horse, имя [R], скорость [3.8]
2024-11-24 11:53:44,974 DEBUG Horse: Создание Horse, имя [S], скорость [3.9]
2024-11-24 11:53:44,974 DEBUG Horse: Создание Horse, имя [T], скорость [4.0]
2024-11-24 11:53:44,974 DEBUG Hippodrome: Создание Hippodrome, лошадей [10]
2024-11-24 11:53:44,976 ERROR Hippodrome: Horses list is null
2024-11-24 11:53:44,983 DEBUG Horse: Создание Horse, имя [Red], скорость [8.5]
2024-11-24 11:53:44,984 ERROR Horse: Speed is negative
2024-11-24 11:53:45,048 DEBUG Horse: Создание Horse, имя [Black], скорость [2.23]
2024-11-24 11:53:45,052 DEBUG Horse: Создание Horse, имя [White], скорость [14.95]
2024-11-24 11:53:45,053 DEBUG Horse: Создание Horse, имя [Red], скорость [62.45]
2024-11-24 11:53:45,054 DEBUG Horse: Создание Horse, имя [Blue], скорость [83.15]
2024-11-24 11:53:45,057 ERROR Horse: Name is blank
2024-11-24 11:53:45,058 ERROR Horse: Name is blank
2024-11-24 11:53:45,059 ERROR Horse: Name is blank
2024-11-24 11:53:45,060 ERROR Horse: Name is blank
2024-11-24 11:53:45,060 DEBUG Horse: Создание Horse, имя [Ghost], скорость [5.7]
2024-11-24 11:53:45,067 DEBUG Horse: Создание Horse, имя [Red], скорость [2.86]
2024-11-24 11:53:45,070 ERROR Horse: Distance is negative
2024-11-24 11:53:45,071 ERROR Horse: Name is null
2024-11-24 11:53:45,072 DEBUG Horse: Создание Horse, имя [White], скорость [7.2]
2024-11-24 12:25:35,797 DEBUG Horse: Создание Horse, имя [Bucephalus], скорость [2.4]
2024-11-24 12:25:35,797 DEBUG Horse: Создание Horse, имя [Ace of Spades], скорость [2.5]
2024-11-24 12:25:35,797 DEBUG Horse: Создание Horse, имя [Zephyr], скорость [2.6]
2024-11-24 12:25:35,797 DEBUG Horse: Создание Horse, имя [Blaze], скорость [2.7]
2024-11-24 12:25:35,797 DEBUG Horse: Создание Horse, имя [Lobster], скорость [2.8]
2024-11-24 12:25:35,798 DEBUG Horse: Создание Horse, имя [Pegasus], скорость [2.9]
2024-11-24 12:25:35,798 DEBUG Horse: Создание Horse, имя [Cherry], скорость [3.0]
2024-11-24 12:25:35,798 DEBUG Hippodrome: Создание Hippodrome, лошадей [7]
2024-11-24 12:25:35,798 INFO  Main: Начало скачек. Количество участников: 7
2024-11-24 12:25:56,017 INFO  Main: Окончание скачек. Победитель: Cherry
