2024-11-19 22:03:46,177 DEBUG Hippodrome: Создание Hippodrome, лошадей [50]
2024-11-19 22:03:46,266 DEBUG Horse: Создание Horse, имя [A], скорость [2.1]
2024-11-19 22:03:46,267 DEBUG Horse: Создание Horse, имя [B], скорость [2.2]
2024-11-19 22:03:46,267 DEBUG Horse: Создание Horse, имя [C], скорость [2.3]
2024-11-19 22:03:46,267 DEBUG Horse: Создание Horse, имя [D], скорость [2.4]
2024-11-19 22:03:46,267 DEBUG Horse: Создание Horse, имя [E], скорость [2.5]
2024-11-19 22:03:46,267 DEBUG Horse: Создание Horse, имя [F], скорость [2.6]
2024-11-19 22:03:46,267 DEBUG Horse: Создание Horse, имя [G], скорость [2.7]
2024-11-19 22:03:46,267 DEBUG Horse: Создание Horse, имя [H], скорость [2.8]
2024-11-19 22:03:46,267 DEBUG Horse: Создание Horse, имя [I], скорость [2.9]
2024-11-19 22:03:46,267 DEBUG Horse: Создание Horse, имя [J], скорость [3.0]
2024-11-19 22:03:46,267 DEBUG Horse: Создание Horse, имя [U], скорость [4.1]
2024-11-19 22:03:46,267 DEBUG Horse: Создание Horse, имя [V], скорость [4.2]
2024-11-19 22:03:46,267 DEBUG Horse: Создание Horse, имя [W], скорость [4.3]
2024-11-19 22:03:46,267 DEBUG Horse: Создание Horse, имя [X], скорость [4.4]
2024-11-19 22:03:46,268 DEBUG Horse: Создание Horse, имя [Y], скорость [4.5]
2024-11-19 22:03:46,268 DEBUG Horse: Создание Horse, имя [Z], скорость [4.6]
2024-11-19 22:03:46,268 DEBUG Horse: Создание Horse, имя [a], скорость [4.7]
2024-11-19 22:03:46,268 DEBUG Horse: Создание Horse, имя [b], скорость [4.8]
2024-11-19 22:03:46,268 DEBUG Horse: Создание Horse, имя [c], скорость [4.9]
2024-11-19 22:03:46,268 DEBUG Horse: Создание Horse, имя [d], скорость [5.0]
2024-11-19 22:03:46,268 DEBUG Horse: Создание Horse, имя [e], скорость [4.1]
2024-11-19 22:03:46,268 DEBUG Horse: Создание Horse, имя [f], скорость [4.2]
2024-11-19 22:03:46,268 DEBUG Horse: Создание Horse, имя [g], скорость [4.3]
2024-11-19 22:03:46,268 DEBUG Horse: Создание Horse, имя [h], скорость [4.4]
2024-11-19 22:03:46,268 DEBUG Horse: Создание Horse, имя [i], скорость [4.5]
2024-11-19 22:03:46,268 DEBUG Horse: Создание Horse, имя [j], скорость [4.6]
2024-11-19 22:03:46,268 DEBUG Horse: Создание Horse, имя [k], скорость [4.7]
2024-11-19 22:03:46,268 DEBUG Horse: Создание Horse, имя [l], скорость [4.8]
2024-11-19 22:03:46,268 DEBUG Horse: Создание Horse, имя [m], скорость [4.9]
2024-11-19 22:03:46,268 DEBUG Horse: Создание Horse, имя [n], скорость [5.0]
2024-11-19 22:03:46,268 DEBUG Hippodrome: Создание Hippodrome, лошадей [30]
2024-11-19 22:03:46,280 ERROR Hippodrome: Horses list is empty
2024-11-19 22:03:46,281 DEBUG Horse: Создание Horse, имя [K], скорость [3.1]
2024-11-19 22:03:46,281 DEBUG Horse: Создание Horse, имя [L], скорость [3.2]
2024-11-19 22:03:46,281 DEBUG Horse: Создание Horse, имя [M], скорость [3.3]
2024-11-19 22:03:46,281 DEBUG Horse: Создание Horse, имя [N], скорость [3.4]
2024-11-19 22:03:46,281 DEBUG Horse: Создание Horse, имя [O], скорость [3.5]
2024-11-19 22:03:46,281 DEBUG Horse: Создание Horse, имя [P], скорость [3.6]
2024-11-19 22:03:46,281 DEBUG Horse: Создание Horse, имя [Q], скорость [3.7]
2024-11-19 22:03:46,281 DEBUG Horse: Создание Horse, имя [R], скорость [3.8]
2024-11-19 22:03:46,281 DEBUG Horse: Создание Horse, имя [S], скорость [3.9]
2024-11-19 22:03:46,281 DEBUG Horse: Создание Horse, имя [T], скорость [4.0]
2024-11-19 22:03:46,281 DEBUG Hippodrome: Создание Hippodrome, лошадей [10]
2024-11-19 22:03:46,284 ERROR Hippodrome: Horses list is null
2024-11-19 22:03:46,293 DEBUG Horse: Создание Horse, имя [Red], скорость [8.5]
2024-11-19 22:03:46,295 ERROR Horse: Speed is negative
2024-11-19 22:03:46,333 ERROR Horse: Name is blank
2024-11-19 22:03:46,338 ERROR Horse: Name is blank
2024-11-19 22:03:46,339 ERROR Horse: Name is blank
2024-11-19 22:03:46,340 ERROR Horse: Name is blank
2024-11-19 22:03:46,341 DEBUG Horse: Создание Horse, имя [Ghost], скорость [5.7]
2024-11-19 22:03:46,348 DEBUG Horse: Создание Horse, имя [Red], скорость [2.86]
2024-11-19 22:03:46,352 ERROR Horse: Distance is negative
2024-11-19 22:03:46,353 ERROR Horse: Name is null
2024-11-19 22:03:46,354 DEBUG Horse: Создание Horse, имя [White], скорость [7.2]
2024-11-19 22:19:52,208 DEBUG Hippodrome: Создание Hippodrome, лошадей [50]
2024-11-19 22:19:52,295 DEBUG Horse: Создание Horse, имя [A], скорость [2.1]
2024-11-19 22:19:52,296 DEBUG Horse: Создание Horse, имя [B], скорость [2.2]
2024-11-19 22:19:52,296 DEBUG Horse: Создание Horse, имя [C], скорость [2.3]
2024-11-19 22:19:52,296 DEBUG Horse: Создание Horse, имя [D], скорость [2.4]
2024-11-19 22:19:52,296 DEBUG Horse: Создание Horse, имя [E], скорость [2.5]
2024-11-19 22:19:52,296 DEBUG Horse: Создание Horse, имя [F], скорость [2.6]
2024-11-19 22:19:52,296 DEBUG Horse: Создание Horse, имя [G], скорость [2.7]
2024-11-19 22:19:52,296 DEBUG Horse: Создание Horse, имя [H], скорость [2.8]
2024-11-19 22:19:52,296 DEBUG Horse: Создание Horse, имя [I], скорость [2.9]
2024-11-19 22:19:52,296 DEBUG Horse: Создание Horse, имя [J], скорость [3.0]
2024-11-19 22:19:52,296 DEBUG Horse: Создание Horse, имя [U], скорость [4.1]
2024-11-19 22:19:52,296 DEBUG Horse: Создание Horse, имя [V], скорость [4.2]
2024-11-19 22:19:52,296 DEBUG Horse: Создание Horse, имя [W], скорость [4.3]
2024-11-19 22:19:52,296 DEBUG Horse: Создание Horse, имя [X], скорость [4.4]
2024-11-19 22:19:52,296 DEBUG Horse: Создание Horse, имя [Y], скорость [4.5]
2024-11-19 22:19:52,296 DEBUG Horse: Создание Horse, имя [Z], скорость [4.6]
2024-11-19 22:19:52,296 DEBUG Horse: Создание Horse, имя [a], скорость [4.7]
2024-11-19 22:19:52,297 DEBUG Horse: Создание Horse, имя [b], скорость [4.8]
2024-11-19 22:19:52,297 DEBUG Horse: Создание Horse, имя [c], скорость [4.9]
2024-11-19 22:19:52,297 DEBUG Horse: Создание Horse, имя [d], скорость [5.0]
2024-11-19 22:19:52,297 DEBUG Horse: Создание Horse, имя [e], скорость [4.1]
2024-11-19 22:19:52,297 DEBUG Horse: Создание Horse, имя [f], скорость [4.2]
2024-11-19 22:19:52,297 DEBUG Horse: Создание Horse, имя [g], скорость [4.3]
2024-11-19 22:19:52,297 DEBUG Horse: Создание Horse, имя [h], скорость [4.4]
2024-11-19 22:19:52,297 DEBUG Horse: Создание Horse, имя [i], скорость [4.5]
2024-11-19 22:19:52,297 DEBUG Horse: Создание Horse, имя [j], скорость [4.6]
2024-11-19 22:19:52,297 DEBUG Horse: Создание Horse, имя [k], скорость [4.7]
2024-11-19 22:19:52,297 DEBUG Horse: Создание Horse, имя [l], скорость [4.8]
2024-11-19 22:19:52,297 DEBUG Horse: Создание Horse, имя [m], скорость [4.9]
2024-11-19 22:19:52,297 DEBUG Horse: Создание Horse, имя [n], скорость [5.0]
2024-11-19 22:19:52,297 DEBUG Hippodrome: Создание Hippodrome, лошадей [30]
2024-11-19 22:19:52,314 ERROR Hippodrome: Horses list is empty
2024-11-19 22:19:52,316 DEBUG Horse: Создание Horse, имя [K], скорость [3.1]
2024-11-19 22:19:52,316 DEBUG Horse: Создание Horse, имя [L], скорость [3.2]
2024-11-19 22:19:52,316 DEBUG Horse: Создание Horse, имя [M], скорость [3.3]
2024-11-19 22:19:52,316 DEBUG Horse: Создание Horse, имя [N], скорость [3.4]
2024-11-19 22:19:52,316 DEBUG Horse: Создание Horse, имя [O], скорость [3.5]
2024-11-19 22:19:52,316 DEBUG Horse: Создание Horse, имя [P], скорость [3.6]
2024-11-19 22:19:52,316 DEBUG Horse: Создание Horse, имя [Q], скорость [3.7]
2024-11-19 22:19:52,316 DEBUG Horse: Создание Horse, имя [R], скорость [3.8]
2024-11-19 22:19:52,316 DEBUG Horse: Создание Horse, имя [S], скорость [3.9]
2024-11-19 22:19:52,316 DEBUG Horse: Создание Horse, имя [T], скорость [4.0]
2024-11-19 22:19:52,316 DEBUG Hippodrome: Создание Hippodrome, лошадей [10]
2024-11-19 22:19:52,318 ERROR Hippodrome: Horses list is null
2024-11-19 22:19:52,329 DEBUG Horse: Создание Horse, имя [Red], скорость [8.5]
2024-11-19 22:19:52,331 ERROR Horse: Speed is negative
2024-11-19 22:19:52,371 ERROR Horse: Name is blank
2024-11-19 22:19:52,375 ERROR Horse: Name is blank
2024-11-19 22:19:52,376 ERROR Horse: Name is blank
2024-11-19 22:19:52,377 ERROR Horse: Name is blank
2024-11-19 22:19:52,378 DEBUG Horse: Создание Horse, имя [Ghost], скорость [5.7]
2024-11-19 22:19:52,385 DEBUG Horse: Создание Horse, имя [Red], скорость [2.86]
2024-11-19 22:19:52,388 ERROR Horse: Distance is negative
2024-11-19 22:19:52,389 ERROR Horse: Name is null
2024-11-19 22:19:52,390 DEBUG Horse: Создание Horse, имя [White], скорость [7.2]
2024-11-19 22:25:40,421 DEBUG Hippodrome: Создание Hippodrome, лошадей [50]
2024-11-19 22:25:40,497 DEBUG Horse: Создание Horse, имя [A], скорость [2.1]
2024-11-19 22:25:40,497 DEBUG Horse: Создание Horse, имя [B], скорость [2.2]
2024-11-19 22:25:40,497 DEBUG Horse: Создание Horse, имя [C], скорость [2.3]
2024-11-19 22:25:40,497 DEBUG Horse: Создание Horse, имя [D], скорость [2.4]
2024-11-19 22:25:40,497 DEBUG Horse: Создание Horse, имя [E], скорость [2.5]
2024-11-19 22:25:40,497 DEBUG Horse: Создание Horse, имя [F], скорость [2.6]
2024-11-19 22:25:40,497 DEBUG Horse: Создание Horse, имя [G], скорость [2.7]
2024-11-19 22:25:40,497 DEBUG Horse: Создание Horse, имя [H], скорость [2.8]
2024-11-19 22:25:40,497 DEBUG Horse: Создание Horse, имя [I], скорость [2.9]
2024-11-19 22:25:40,497 DEBUG Horse: Создание Horse, имя [J], скорость [3.0]
2024-11-19 22:25:40,497 DEBUG Horse: Создание Horse, имя [U], скорость [4.1]
2024-11-19 22:25:40,498 DEBUG Horse: Создание Horse, имя [V], скорость [4.2]
2024-11-19 22:25:40,498 DEBUG Horse: Создание Horse, имя [W], скорость [4.3]
2024-11-19 22:25:40,498 DEBUG Horse: Создание Horse, имя [X], скорость [4.4]
2024-11-19 22:25:40,498 DEBUG Horse: Создание Horse, имя [Y], скорость [4.5]
2024-11-19 22:25:40,498 DEBUG Horse: Создание Horse, имя [Z], скорость [4.6]
2024-11-19 22:25:40,498 DEBUG Horse: Создание Horse, имя [a], скорость [4.7]
2024-11-19 22:25:40,498 DEBUG Horse: Создание Horse, имя [b], скорость [4.8]
2024-11-19 22:25:40,498 DEBUG Horse: Создание Horse, имя [c], скорость [4.9]
2024-11-19 22:25:40,498 DEBUG Horse: Создание Horse, имя [d], скорость [5.0]
2024-11-19 22:25:40,498 DEBUG Horse: Создание Horse, имя [e], скорость [4.1]
2024-11-19 22:25:40,498 DEBUG Horse: Создание Horse, имя [f], скорость [4.2]
2024-11-19 22:25:40,498 DEBUG Horse: Создание Horse, имя [g], скорость [4.3]
2024-11-19 22:25:40,498 DEBUG Horse: Создание Horse, имя [h], скорость [4.4]
2024-11-19 22:25:40,498 DEBUG Horse: Создание Horse, имя [i], скорость [4.5]
2024-11-19 22:25:40,498 DEBUG Horse: Создание Horse, имя [j], скорость [4.6]
2024-11-19 22:25:40,498 DEBUG Horse: Создание Horse, имя [k], скорость [4.7]
2024-11-19 22:25:40,498 DEBUG Horse: Создание Horse, имя [l], скорость [4.8]
2024-11-19 22:25:40,498 DEBUG Horse: Создание Horse, имя [m], скорость [4.9]
2024-11-19 22:25:40,499 DEBUG Horse: Создание Horse, имя [n], скорость [5.0]
2024-11-19 22:25:40,499 DEBUG Hippodrome: Создание Hippodrome, лошадей [30]
2024-11-19 22:25:40,506 ERROR Hippodrome: Horses list is empty
2024-11-19 22:25:40,507 DEBUG Horse: Создание Horse, имя [K], скорость [3.1]
2024-11-19 22:25:40,507 DEBUG Horse: Создание Horse, имя [L], скорость [3.2]
2024-11-19 22:25:40,507 DEBUG Horse: Создание Horse, имя [M], скорость [3.3]
2024-11-19 22:25:40,508 DEBUG Horse: Создание Horse, имя [N], скорость [3.4]
2024-11-19 22:25:40,508 DEBUG Horse: Создание Horse, имя [O], скорость [3.5]
2024-11-19 22:25:40,508 DEBUG Horse: Создание Horse, имя [P], скорость [3.6]
2024-11-19 22:25:40,508 DEBUG Horse: Создание Horse, имя [Q], скорость [3.7]
2024-11-19 22:25:40,508 DEBUG Horse: Создание Horse, имя [R], скорость [3.8]
2024-11-19 22:25:40,508 DEBUG Horse: Создание Horse, имя [S], скорость [3.9]
2024-11-19 22:25:40,508 DEBUG Horse: Создание Horse, имя [T], скорость [4.0]
2024-11-19 22:25:40,508 DEBUG Hippodrome: Создание Hippodrome, лошадей [10]
2024-11-19 22:25:40,509 ERROR Hippodrome: Horses list is null
2024-11-19 22:25:40,518 DEBUG Horse: Создание Horse, имя [Red], скорость [8.5]
2024-11-19 22:25:40,520 ERROR Horse: Speed is negative
2024-11-19 22:25:40,555 ERROR Horse: Name is blank
2024-11-19 22:25:40,559 ERROR Horse: Name is blank
2024-11-19 22:25:40,561 ERROR Horse: Name is blank
2024-11-19 22:25:40,562 ERROR Horse: Name is blank
2024-11-19 22:25:40,562 DEBUG Horse: Создание Horse, имя [Ghost], скорость [5.7]
2024-11-19 22:25:40,568 DEBUG Horse: Создание Horse, имя [Red], скорость [2.86]
2024-11-19 22:25:40,571 ERROR Horse: Distance is negative
2024-11-19 22:25:40,572 ERROR Horse: Name is null
2024-11-19 22:25:40,573 DEBUG Horse: Создание Horse, имя [White], скорость [7.2]
2024-11-19 22:26:58,637 DEBUG Hippodrome: Создание Hippodrome, лошадей [50]
2024-11-19 22:26:58,705 DEBUG Horse: Создание Horse, имя [A], скорость [2.1]
2024-11-19 22:26:58,705 DEBUG Horse: Создание Horse, имя [B], скорость [2.2]
2024-11-19 22:26:58,706 DEBUG Horse: Создание Horse, имя [C], скорость [2.3]
2024-11-19 22:26:58,706 DEBUG Horse: Создание Horse, имя [D], скорость [2.4]
2024-11-19 22:26:58,706 DEBUG Horse: Создание Horse, имя [E], скорость [2.5]
2024-11-19 22:26:58,706 DEBUG Horse: Создание Horse, имя [F], скорость [2.6]
2024-11-19 22:26:58,706 DEBUG Horse: Создание Horse, имя [G], скорость [2.7]
2024-11-19 22:26:58,706 DEBUG Horse: Создание Horse, имя [H], скорость [2.8]
2024-11-19 22:26:58,706 DEBUG Horse: Создание Horse, имя [I], скорость [2.9]
2024-11-19 22:26:58,706 DEBUG Horse: Создание Horse, имя [J], скорость [3.0]
2024-11-19 22:26:58,706 DEBUG Horse: Создание Horse, имя [U], скорость [4.1]
2024-11-19 22:26:58,706 DEBUG Horse: Создание Horse, имя [V], скорость [4.2]
2024-11-19 22:26:58,706 DEBUG Horse: Создание Horse, имя [W], скорость [4.3]
2024-11-19 22:26:58,706 DEBUG Horse: Создание Horse, имя [X], скорость [4.4]
2024-11-19 22:26:58,706 DEBUG Horse: Создание Horse, имя [Y], скорость [4.5]
2024-11-19 22:26:58,706 DEBUG Horse: Создание Horse, имя [Z], скорость [4.6]
2024-11-19 22:26:58,706 DEBUG Horse: Создание Horse, имя [a], скорость [4.7]
2024-11-19 22:26:58,707 DEBUG Horse: Создание Horse, имя [b], скорость [4.8]
2024-11-19 22:26:58,707 DEBUG Horse: Создание Horse, имя [c], скорость [4.9]
2024-11-19 22:26:58,707 DEBUG Horse: Создание Horse, имя [d], скорость [5.0]
2024-11-19 22:26:58,707 DEBUG Horse: Создание Horse, имя [e], скорость [4.1]
2024-11-19 22:26:58,707 DEBUG Horse: Создание Horse, имя [f], скорость [4.2]
2024-11-19 22:26:58,707 DEBUG Horse: Создание Horse, имя [g], скорость [4.3]
2024-11-19 22:26:58,707 DEBUG Horse: Создание Horse, имя [h], скорость [4.4]
2024-11-19 22:26:58,707 DEBUG Horse: Создание Horse, имя [i], скорость [4.5]
2024-11-19 22:26:58,707 DEBUG Horse: Создание Horse, имя [j], скорость [4.6]
2024-11-19 22:26:58,707 DEBUG Horse: Создание Horse, имя [k], скорость [4.7]
2024-11-19 22:26:58,707 DEBUG Horse: Создание Horse, имя [l], скорость [4.8]
2024-11-19 22:26:58,707 DEBUG Horse: Создание Horse, имя [m], скорость [4.9]
2024-11-19 22:26:58,707 DEBUG Horse: Создание Horse, имя [n], скорость [5.0]
2024-11-19 22:26:58,707 DEBUG Hippodrome: Создание Hippodrome, лошадей [30]
2024-11-19 22:26:58,713 ERROR Hippodrome: Horses list is empty
2024-11-19 22:26:58,714 DEBUG Horse: Создание Horse, имя [K], скорость [3.1]
2024-11-19 22:26:58,714 DEBUG Horse: Создание Horse, имя [L], скорость [3.2]
2024-11-19 22:26:58,714 DEBUG Horse: Создание Horse, имя [M], скорость [3.3]
2024-11-19 22:26:58,714 DEBUG Horse: Создание Horse, имя [N], скорость [3.4]
2024-11-19 22:26:58,714 DEBUG Horse: Создание Horse, имя [O], скорость [3.5]
2024-11-19 22:26:58,714 DEBUG Horse: Создание Horse, имя [P], скорость [3.6]
2024-11-19 22:26:58,714 DEBUG Horse: Создание Horse, имя [Q], скорость [3.7]
2024-11-19 22:26:58,714 DEBUG Horse: Создание Horse, имя [R], скорость [3.8]
2024-11-19 22:26:58,715 DEBUG Horse: Создание Horse, имя [S], скорость [3.9]
2024-11-19 22:26:58,715 DEBUG Horse: Создание Horse, имя [T], скорость [4.0]
2024-11-19 22:26:58,715 DEBUG Hippodrome: Создание Hippodrome, лошадей [10]
2024-11-19 22:26:58,716 ERROR Hippodrome: Horses list is null
2024-11-19 22:26:58,724 DEBUG Horse: Создание Horse, имя [Red], скорость [8.5]
2024-11-19 22:26:58,725 ERROR Horse: Speed is negative
2024-11-19 22:26:58,756 ERROR Horse: Name is blank
2024-11-19 22:26:58,760 ERROR Horse: Name is blank
2024-11-19 22:26:58,761 ERROR Horse: Name is blank
2024-11-19 22:26:58,762 ERROR Horse: Name is blank
2024-11-19 22:26:58,763 DEBUG Horse: Создание Horse, имя [Ghost], скорость [5.7]
2024-11-19 22:26:58,768 DEBUG Horse: Создание Horse, имя [Red], скорость [2.86]
2024-11-19 22:26:58,772 ERROR Horse: Distance is negative
2024-11-19 22:26:58,773 ERROR Horse: Name is null
2024-11-19 22:26:58,774 DEBUG Horse: Создание Horse, имя [White], скорость [7.2]
